2021-09-19 09:35:48 Loading main app package /opt/Obsidian/resources/obsidian.asar
2021-09-19 09:35:48 Checking for update using Github
2021-09-19 09:35:48 Success.
2021-09-19 09:35:48 Latest version is 0.12.15
2021-09-19 09:35:48 App is up to date.
2021-09-19 10:35:48 Checking for update using Github
2021-09-19 10:35:48 Success.
2021-09-19 10:35:48 Latest version is 0.12.15
2021-09-19 10:35:48 App is up to date.
2021-09-19 11:35:48 Checking for update using Github
2021-09-19 11:35:48 Success.
2021-09-19 11:35:48 Latest version is 0.12.15
2021-09-19 11:35:48 App is up to date.
2021-09-19 11:59:27 Loading main app package /opt/Obsidian/resources/obsidian.asar
2021-09-19 11:59:27 Checking for update using Github
2021-09-19 11:59:32 Loading main app package /opt/Obsidian/resources/obsidian.asar
2021-09-19 11:59:32 Checking for update using Github
2021-09-19 11:59:32 Success.
2021-09-19 11:59:32 Latest version is 0.12.15
2021-09-19 11:59:32 App is up to date.
2021-09-19 12:59:32 Checking for update using Github
2021-09-19 12:59:32 Success.
2021-09-19 12:59:32 Latest version is 0.12.15
2021-09-19 12:59:32 App is up to date.
2021-09-19 13:59:32 Checking for update using Github
2021-09-19 13:59:32 Success.
2021-09-19 13:59:32 Latest version is 0.12.15
2021-09-19 13:59:32 App is up to date.
2021-09-19 14:59:32 Checking for update using Github
2021-09-19 14:59:32 Success.
2021-09-19 14:59:32 Latest version is 0.12.15
2021-09-19 14:59:32 App is up to date.
2021-09-19 15:59:32 Checking for update using Github
2021-09-19 15:59:32 Success.
2021-09-19 15:59:32 Latest version is 0.12.15
2021-09-19 15:59:32 App is up to date.
2021-09-19 16:59:32 Checking for update using Github
2021-09-19 16:59:32 Success.
2021-09-19 16:59:32 Latest version is 0.12.15
2021-09-19 16:59:32 App is up to date.
2021-09-19 17:59:33 Checking for update using Github
2021-09-19 17:59:33 Success.
2021-09-19 17:59:33 Latest version is 0.12.15
2021-09-19 17:59:33 App is up to date.
2021-09-19 18:59:33 Checking for update using Github
2021-09-19 18:59:33 Success.
2021-09-19 18:59:33 Latest version is 0.12.15
2021-09-19 18:59:33 App is up to date.
2021-09-19 19:59:33 Checking for update using Github
2021-09-19 19:59:33 Success.
2021-09-19 19:59:33 Latest version is 0.12.15
2021-09-19 19:59:33 App is up to date.
2021-09-19 20:59:33 Checking for update using Github
2021-09-19 20:59:33 Success.
2021-09-19 20:59:33 Latest version is 0.12.15
2021-09-19 20:59:33 App is up to date.
2021-09-19 21:59:33 Checking for update using Github
2021-09-19 21:59:33 Success.
2021-09-19 21:59:33 Latest version is 0.12.15
2021-09-19 21:59:33 App is up to date.
2021-09-19 22:59:33 Checking for update using Github
2021-09-19 22:59:33 Success.
2021-09-19 22:59:33 Latest version is 0.12.15
2021-09-19 22:59:33 App is up to date.
2021-09-19 23:59:33 Checking for update using Github
2021-09-19 23:59:33 Success.
2021-09-19 23:59:33 Latest version is 0.12.15
2021-09-19 23:59:33 App is up to date.
2021-09-20 00:59:33 Checking for update using Github
2021-09-20 00:59:33 Success.
2021-09-20 00:59:33 Latest version is 0.12.15
2021-09-20 00:59:33 App is up to date.
2021-09-20 01:59:33 Checking for update using Github
2021-09-20 01:59:33 Success.
2021-09-20 01:59:33 Latest version is 0.12.15
2021-09-20 01:59:33 App is up to date.
2021-09-20 02:59:33 Checking for update using Github
2021-09-20 02:59:33 Success.
2021-09-20 02:59:33 Latest version is 0.12.15
2021-09-20 02:59:33 App is up to date.
2021-09-20 03:59:33 Checking for update using Github
2021-09-20 03:59:33 Success.
2021-09-20 03:59:33 Latest version is 0.12.15
2021-09-20 03:59:33 App is up to date.
2021-09-20 04:59:33 Checking for update using Github
2021-09-20 04:59:34 Success.
2021-09-20 04:59:34 Latest version is 0.12.15
2021-09-20 04:59:34 App is up to date.
2021-09-20 05:59:34 Checking for update using Github
2021-09-20 05:59:34 Success.
2021-09-20 05:59:34 Latest version is 0.12.15
2021-09-20 05:59:34 App is up to date.
2021-09-20 06:59:34 Checking for update using Github
2021-09-20 06:59:34 Success.
2021-09-20 06:59:34 Latest version is 0.12.15
2021-09-20 06:59:34 App is up to date.
2021-09-20 07:59:34 Checking for update using Github
2021-09-20 07:59:34 Success.
2021-09-20 07:59:34 Latest version is 0.12.15
2021-09-20 07:59:34 App is up to date.
2021-09-20 08:59:34 Checking for update using Github
2021-09-20 08:59:34 Success.
2021-09-20 08:59:34 Latest version is 0.12.15
2021-09-20 08:59:34 App is up to date.
2021-09-20 09:59:34 Checking for update using Github
2021-09-20 09:59:34 Success.
2021-09-20 09:59:34 Latest version is 0.12.15
2021-09-20 09:59:34 App is up to date.
2021-09-20 10:59:34 Checking for update using Github
2021-09-20 10:59:34 Success.
2021-09-20 10:59:34 Latest version is 0.12.15
2021-09-20 10:59:34 App is up to date.
2021-09-20 11:59:34 Checking for update using Github
2021-09-20 11:59:34 Success.
2021-09-20 11:59:34 Latest version is 0.12.15
2021-09-20 11:59:34 App is up to date.
2021-09-20 12:59:34 Checking for update using Github
2021-09-20 12:59:34 Success.
2021-09-20 12:59:34 Latest version is 0.12.15
2021-09-20 12:59:34 App is up to date.
2021-09-20 13:59:34 Checking for update using Github
2021-09-20 13:59:34 Success.
2021-09-20 13:59:34 Latest version is 0.12.15
2021-09-20 13:59:34 App is up to date.
2021-09-20 14:59:34 Checking for update using Github
2021-09-20 14:59:34 Success.
2021-09-20 14:59:34 Latest version is 0.12.15
2021-09-20 14:59:34 App is up to date.
2021-09-20 15:59:34 Checking for update using Github
2021-09-20 15:59:34 Success.
2021-09-20 15:59:34 Latest version is 0.12.15
2021-09-20 15:59:34 App is up to date.
2021-09-20 16:59:35 Checking for update using Github
2021-09-20 16:59:35 Success.
2021-09-20 16:59:35 Latest version is 0.12.15
2021-09-20 16:59:35 App is up to date.
2021-09-20 17:59:35 Checking for update using Github
2021-09-20 17:59:35 Success.
2021-09-20 17:59:35 Latest version is 0.12.15
2021-09-20 17:59:35 App is up to date.
2021-09-20 18:59:35 Checking for update using Github
2021-09-20 18:59:35 Success.
2021-09-20 18:59:35 Latest version is 0.12.15
2021-09-20 18:59:35 App is up to date.
2021-09-20 19:59:35 Checking for update using Github
2021-09-20 19:59:35 Success.
2021-09-20 19:59:35 Latest version is 0.12.15
2021-09-20 19:59:35 App is up to date.
2021-09-20 20:59:35 Checking for update using Github
2021-09-20 20:59:35 Success.
2021-09-20 20:59:35 Latest version is 0.12.15
2021-09-20 20:59:35 App is up to date.
2021-09-20 21:59:35 Checking for update using Github
2021-09-20 21:59:35 Success.
2021-09-20 21:59:35 Latest version is 0.12.15
2021-09-20 21:59:35 App is up to date.
2021-09-20 22:59:35 Checking for update using Github
2021-09-20 22:59:35 Success.
2021-09-20 22:59:35 Latest version is 0.12.15
2021-09-20 22:59:35 App is up to date.
2021-09-20 23:59:35 Checking for update using Github
2021-09-20 23:59:35 Success.
2021-09-20 23:59:35 Latest version is 0.12.15
2021-09-20 23:59:35 App is up to date.
2021-09-21 00:59:35 Checking for update using Github
2021-09-21 00:59:35 Success.
2021-09-21 00:59:35 Latest version is 0.12.15
2021-09-21 00:59:35 App is up to date.
2021-09-21 01:59:35 Checking for update using Github
2021-09-21 01:59:35 Success.
2021-09-21 01:59:35 Latest version is 0.12.15
2021-09-21 01:59:35 App is up to date.
2021-09-21 02:59:35 Checking for update using Github
2021-09-21 02:59:35 Success.
2021-09-21 02:59:35 Latest version is 0.12.15
2021-09-21 02:59:35 App is up to date.
2021-09-21 03:59:36 Checking for update using Github
2021-09-21 03:59:36 Success.
2021-09-21 03:59:36 Latest version is 0.12.15
2021-09-21 03:59:36 App is up to date.
2021-09-21 04:59:36 Checking for update using Github
2021-09-21 04:59:36 Success.
2021-09-21 04:59:36 Latest version is 0.12.15
2021-09-21 04:59:36 App is up to date.
2021-09-21 05:59:36 Checking for update using Github
2021-09-21 05:59:36 Success.
2021-09-21 05:59:36 Latest version is 0.12.15
2021-09-21 05:59:36 App is up to date.
2021-09-21 06:59:36 Checking for update using Github
2021-09-21 06:59:36 Success.
2021-09-21 06:59:36 Latest version is 0.12.15
2021-09-21 06:59:36 App is up to date.
2021-09-21 07:59:36 Checking for update using Github
2021-09-21 07:59:36 Success.
2021-09-21 07:59:36 Latest version is 0.12.15
2021-09-21 07:59:36 App is up to date.
2021-09-21 08:59:36 Checking for update using Github
2021-09-21 08:59:36 Success.
2021-09-21 08:59:36 Latest version is 0.12.15
2021-09-21 08:59:36 App is up to date.
2021-09-21 09:59:36 Checking for update using Github
2021-09-21 09:59:36 Success.
2021-09-21 09:59:36 Latest version is 0.12.15
2021-09-21 09:59:36 App is up to date.
2021-09-21 10:59:36 Checking for update using Github
2021-09-21 10:59:36 Success.
2021-09-21 10:59:36 Latest version is 0.12.15
2021-09-21 10:59:36 App is up to date.
2021-09-21 11:59:36 Checking for update using Github
2021-09-21 11:59:36 Success.
2021-09-21 11:59:36 Latest version is 0.12.15
2021-09-21 11:59:36 App is up to date.
2021-09-21 12:59:36 Checking for update using Github
2021-09-21 12:59:36 Success.
2021-09-21 12:59:36 Latest version is 0.12.15
2021-09-21 12:59:36 App is up to date.
2021-09-21 13:59:36 Checking for update using Github
2021-09-21 13:59:36 Success.
2021-09-21 13:59:36 Latest version is 0.12.15
2021-09-21 13:59:36 App is up to date.
2021-09-21 14:59:37 Checking for update using Github
2021-09-21 14:59:37 Success.
2021-09-21 14:59:37 Latest version is 0.12.15
2021-09-21 14:59:37 App is up to date.
2021-09-21 15:59:37 Checking for update using Github
2021-09-21 15:59:37 Success.
2021-09-21 15:59:37 Latest version is 0.12.15
2021-09-21 15:59:37 App is up to date.
2021-09-21 16:59:37 Checking for update using Github
2021-09-21 16:59:37 Success.
2021-09-21 16:59:37 Latest version is 0.12.15
2021-09-21 16:59:37 App is up to date.
2021-09-21 17:59:37 Checking for update using Github
2021-09-21 17:59:37 Success.
2021-09-21 17:59:37 Latest version is 0.12.15
2021-09-21 17:59:37 App is up to date.
2021-09-21 18:59:37 Checking for update using Github
2021-09-21 18:59:37 Success.
2021-09-21 18:59:37 Latest version is 0.12.15
2021-09-21 18:59:37 App is up to date.
2021-09-21 19:59:37 Checking for update using Github
2021-09-21 19:59:37 Success.
2021-09-21 19:59:37 Latest version is 0.12.15
2021-09-21 19:59:37 App is up to date.
2021-09-21 20:59:37 Checking for update using Github
2021-09-21 20:59:37 Success.
2021-09-21 20:59:37 Latest version is 0.12.15
2021-09-21 20:59:37 App is up to date.
2021-09-21 21:59:37 Checking for update using Github
2021-09-21 21:59:37 Success.
2021-09-21 21:59:37 Latest version is 0.12.15
2021-09-21 21:59:37 App is up to date.
2021-09-21 22:59:37 Checking for update using Github
2021-09-21 22:59:37 Success.
2021-09-21 22:59:37 Latest version is 0.12.15
2021-09-21 22:59:37 App is up to date.
2021-09-21 23:59:37 Checking for update using Github
2021-09-21 23:59:37 Success.
2021-09-21 23:59:37 Latest version is 0.12.15
2021-09-21 23:59:37 App is up to date.
2021-09-22 00:59:37 Checking for update using Github
2021-09-22 00:59:37 Success.
2021-09-22 00:59:37 Latest version is 0.12.15
2021-09-22 00:59:37 App is up to date.
2021-09-22 01:59:38 Checking for update using Github
2021-09-22 01:59:38 Success.
2021-09-22 01:59:38 Latest version is 0.12.15
2021-09-22 01:59:38 App is up to date.
2021-09-22 02:59:38 Checking for update using Github
2021-09-22 02:59:38 Success.
2021-09-22 02:59:38 Latest version is 0.12.15
2021-09-22 02:59:38 App is up to date.
2021-09-22 03:59:38 Checking for update using Github
2021-09-22 03:59:38 Success.
2021-09-22 03:59:38 Latest version is 0.12.15
2021-09-22 03:59:38 App is up to date.
2021-09-22 04:59:38 Checking for update using Github
2021-09-22 04:59:38 Success.
2021-09-22 04:59:38 Latest version is 0.12.15
2021-09-22 04:59:38 App is up to date.
2021-09-22 05:59:38 Checking for update using Github
2021-09-22 05:59:38 Success.
2021-09-22 05:59:38 Latest version is 0.12.15
2021-09-22 05:59:38 App is up to date.
2021-09-22 06:59:38 Checking for update using Github
2021-09-22 06:59:38 Success.
2021-09-22 06:59:38 Latest version is 0.12.15
2021-09-22 06:59:38 App is up to date.
2021-09-22 07:59:38 Checking for update using Github
2021-09-22 07:59:38 Success.
2021-09-22 07:59:38 Latest version is 0.12.15
2021-09-22 07:59:38 App is up to date.
2021-09-22 08:59:38 Checking for update using Github
2021-09-22 08:59:38 Success.
2021-09-22 08:59:38 Latest version is 0.12.15
2021-09-22 08:59:38 App is up to date.
2021-09-22 09:59:38 Checking for update using Github
2021-09-22 09:59:38 Success.
2021-09-22 09:59:38 Latest version is 0.12.15
2021-09-22 09:59:38 App is up to date.
2021-09-22 10:59:38 Checking for update using Github
2021-09-22 10:59:38 Success.
2021-09-22 10:59:38 Latest version is 0.12.15
2021-09-22 10:59:38 App is up to date.
2021-09-22 11:59:38 Checking for update using Github
2021-09-22 11:59:38 Success.
2021-09-22 11:59:38 Latest version is 0.12.15
2021-09-22 11:59:38 App is up to date.
2021-09-22 12:59:38 Checking for update using Github
2021-09-22 12:59:38 Success.
2021-09-22 12:59:38 Latest version is 0.12.15
2021-09-22 12:59:38 App is up to date.
2021-09-22 13:59:38 Checking for update using Github
2021-09-22 13:59:39 Success.
2021-09-22 13:59:39 Latest version is 0.12.15
2021-09-22 13:59:39 App is up to date.
2021-09-22 14:59:39 Checking for update using Github
2021-09-22 14:59:39 Success.
2021-09-22 14:59:39 Latest version is 0.12.15
2021-09-22 14:59:39 App is up to date.
2021-09-22 15:59:39 Checking for update using Github
2021-09-22 15:59:39 Success.
2021-09-22 15:59:39 Latest version is 0.12.15
2021-09-22 15:59:39 App is up to date.
2021-09-22 16:59:39 Checking for update using Github
2021-09-22 16:59:39 Success.
2021-09-22 16:59:39 Latest version is 0.12.15
2021-09-22 16:59:39 App is up to date.
2021-09-22 17:59:39 Checking for update using Github
2021-09-22 17:59:39 Success.
2021-09-22 17:59:39 Latest version is 0.12.15
2021-09-22 17:59:39 App is up to date.
2021-09-22 18:59:39 Checking for update using Github
2021-09-22 18:59:39 Success.
2021-09-22 18:59:39 Latest version is 0.12.15
2021-09-22 18:59:39 App is up to date.
2021-09-22 19:59:39 Checking for update using Github
2021-09-22 19:59:39 Success.
2021-09-22 19:59:39 Latest version is 0.12.15
2021-09-22 19:59:39 App is up to date.
2021-09-22 20:59:39 Checking for update using Github
2021-09-22 20:59:39 Success.
2021-09-22 20:59:39 Latest version is 0.12.15
2021-09-22 20:59:39 App is up to date.
2021-09-22 21:59:39 Checking for update using Github
2021-09-22 21:59:41 Success.
2021-09-22 21:59:41 Latest version is 0.12.15
2021-09-22 21:59:41 App is up to date.
2021-09-22 22:59:39 Checking for update using Github
2021-09-22 22:59:39 Success.
2021-09-22 22:59:39 Latest version is 0.12.15
2021-09-22 22:59:39 App is up to date.
2021-09-22 23:59:39 Checking for update using Github
2021-09-22 23:59:39 Success.
2021-09-22 23:59:39 Latest version is 0.12.15
2021-09-22 23:59:39 App is up to date.
2021-09-23 00:59:39 Checking for update using Github
2021-09-23 00:59:39 Success.
2021-09-23 00:59:39 Latest version is 0.12.15
2021-09-23 00:59:39 App is up to date.
2021-09-23 01:59:40 Checking for update using Github
2021-09-23 01:59:40 Success.
2021-09-23 01:59:40 Latest version is 0.12.15
2021-09-23 01:59:40 App is up to date.
2021-09-23 02:59:40 Checking for update using Github
2021-09-23 02:59:40 Success.
2021-09-23 02:59:40 Latest version is 0.12.15
2021-09-23 02:59:40 App is up to date.
2021-09-23 03:59:40 Checking for update using Github
2021-09-23 03:59:40 Success.
2021-09-23 03:59:40 Latest version is 0.12.15
2021-09-23 03:59:40 App is up to date.
2021-09-23 04:59:40 Checking for update using Github
2021-09-23 04:59:40 Success.
2021-09-23 04:59:40 Latest version is 0.12.15
2021-09-23 04:59:40 App is up to date.
2021-09-23 05:59:40 Checking for update using Github
2021-09-23 05:59:40 Success.
2021-09-23 05:59:40 Latest version is 0.12.15
2021-09-23 05:59:40 App is up to date.
2021-09-23 06:59:40 Checking for update using Github
2021-09-23 06:59:40 Success.
2021-09-23 06:59:40 Latest version is 0.12.15
2021-09-23 06:59:40 App is up to date.
2021-09-23 07:59:40 Checking for update using Github
2021-09-23 07:59:41 Success.
2021-09-23 07:59:41 Latest version is 0.12.15
2021-09-23 07:59:41 App is up to date.
2021-09-23 08:59:40 Checking for update using Github
2021-09-23 08:59:40 Success.
2021-09-23 08:59:40 Latest version is 0.12.15
2021-09-23 08:59:40 App is up to date.
2021-09-23 09:59:40 Checking for update using Github
2021-09-23 09:59:40 Success.
2021-09-23 09:59:40 Latest version is 0.12.15
2021-09-23 09:59:40 App is up to date.
2021-09-23 10:59:40 Checking for update using Github
2021-09-23 10:59:40 Success.
2021-09-23 10:59:40 Latest version is 0.12.15
2021-09-23 10:59:40 App is up to date.
